Arguments: 
  /Users/f/.nvm/versions/node/v16.10.0/bin/node /Users/f/.nvm/versions/node/v16.10.0/bin/yarn install

PATH: 
  /Users/f/.nvm/versions/node/v16.10.0/bin:/Users/f/.nvm/versions/node/v16.17.0/bin:/opt/homebrew/bin:/usr/local/bin:/usr/bin:/bin:/usr/sbin:/sbin:/opt/homebrew/bin:/Library/Apple/usr/bin:/Users/f/.nvm/versions/node/v16.10.0/bin

Yarn version: 
  1.22.19

Node version: 
  16.10.0

Platform: 
  darwin arm64

Trace: 
  Error: https://prod-nexus.sprinklr.com/nexus/repository/npm/@types%2flodash: ETIMEDOUT
      at Timeout._onTimeout (/Users/f/.nvm/versions/node/v16.10.0/lib/node_modules/yarn/lib/cli.js:141550:19)
      at listOnTimeout (node:internal/timers:557:17)
      at processTimers (node:internal/timers:500:7)

npm manifest: 
  {
    "name": "backend",
    "version": "0.0.1",
    "description": "Complete backend to dfs project",
    "main": "index.js",
    "scripts": {
      "test": "echo \"Error: no test specified\" && exit 1",
      "run": "nodemon index.js"
    },
    "author": "",
    "license": "ISC",
    "dependencies": {
      "@types/lodash": "^4.14.186",
      "body-parser": "^1.20.0",
      "cors": "^2.8.5",
      "dotenv": "^16.0.3",
      "express": "^4.18.1",
      "morgan": "^1.10.0",
      "multer": "^1.4.5-lts.1",
      "mysql": "^2.18.1",
      "mysql2": "^2.3.3",
      "nodemon": "^2.0.16"
    }
  }

yarn manifest: 
  No manifest

Lockfile: 
  No lockfile
